  Game.cpp
C:\Users\c00240102\Desktop\sfmlstarter\sfmlstarter\Game.cpp(74,11): warning C4244:  'initializing': conversion from 'T' to 'float', possible loss of data
C:\Users\c00240102\Desktop\sfmlstarter\sfmlstarter\Game.cpp(74,11): warning C4244:         with
C:\Users\c00240102\Desktop\sfmlstarter\sfmlstarter\Game.cpp(74,11): warning C4244:         [
C:\Users\c00240102\Desktop\sfmlstarter\sfmlstarter\Game.cpp(74,11): warning C4244:             T=double
C:\Users\c00240102\Desktop\sfmlstarter\sfmlstarter\Game.cpp(74,11): warning C4244:         ]
C:\Users\c00240102\Desktop\sfmlstarter\sfmlstarter\Game.cpp(80,34): warning C4244:  '=': conversion from 'int' to 'T', possible loss of data
C:\Users\c00240102\Desktop\sfmlstarter\sfmlstarter\Game.cpp(80,34): warning C4244:         with
C:\Users\c00240102\Desktop\sfmlstarter\sfmlstarter\Game.cpp(80,34): warning C4244:         [
C:\Users\c00240102\Desktop\sfmlstarter\sfmlstarter\Game.cpp(80,34): warning C4244:             T=float
C:\Users\c00240102\Desktop\sfmlstarter\sfmlstarter\Game.cpp(80,34): warning C4244:         ]
C:\Users\c00240102\Desktop\sfmlstarter\sfmlstarter\Game.cpp(81,33): warning C4244:  '=': conversion from 'int' to 'T', possible loss of data
C:\Users\c00240102\Desktop\sfmlstarter\sfmlstarter\Game.cpp(81,33): warning C4244:         with
C:\Users\c00240102\Desktop\sfmlstarter\sfmlstarter\Game.cpp(81,33): warning C4244:         [
C:\Users\c00240102\Desktop\sfmlstarter\sfmlstarter\Game.cpp(81,33): warning C4244:             T=float
C:\Users\c00240102\Desktop\sfmlstarter\sfmlstarter\Game.cpp(81,33): warning C4244:         ]
C:\Users\c00240102\Desktop\sfmlstarter\sfmlstarter\Game.cpp(167,23): warning C4244:  '=': conversion from 'double' to 'T', possible loss of data
C:\Users\c00240102\Desktop\sfmlstarter\sfmlstarter\Game.cpp(167,23): warning C4244:         with
C:\Users\c00240102\Desktop\sfmlstarter\sfmlstarter\Game.cpp(167,23): warning C4244:         [
C:\Users\c00240102\Desktop\sfmlstarter\sfmlstarter\Game.cpp(167,23): warning C4244:             T=float
C:\Users\c00240102\Desktop\sfmlstarter\sfmlstarter\Game.cpp(167,23): warning C4244:         ]
C:\Users\c00240102\Desktop\sfmlstarter\sfmlstarter\Game.cpp(208,37): warning C4244:  '=': conversion from 'int' to 'T', possible loss of data
C:\Users\c00240102\Desktop\sfmlstarter\sfmlstarter\Game.cpp(208,37): warning C4244:         with
C:\Users\c00240102\Desktop\sfmlstarter\sfmlstarter\Game.cpp(208,37): warning C4244:         [
C:\Users\c00240102\Desktop\sfmlstarter\sfmlstarter\Game.cpp(208,37): warning C4244:             T=float
C:\Users\c00240102\Desktop\sfmlstarter\sfmlstarter\Game.cpp(208,37): warning C4244:         ]
C:\Users\c00240102\Desktop\sfmlstarter\sfmlstarter\Game.cpp(209,36): warning C4244:  '=': conversion from 'int' to 'T', possible loss of data
C:\Users\c00240102\Desktop\sfmlstarter\sfmlstarter\Game.cpp(209,36): warning C4244:         with
C:\Users\c00240102\Desktop\sfmlstarter\sfmlstarter\Game.cpp(209,36): warning C4244:         [
C:\Users\c00240102\Desktop\sfmlstarter\sfmlstarter\Game.cpp(209,36): warning C4244:             T=float
C:\Users\c00240102\Desktop\sfmlstarter\sfmlstarter\Game.cpp(209,36): warning C4244:         ]
C:\Users\c00240102\Desktop\sfmlstarter\sfmlstarter\Game.cpp(219,61): warning C4244:  'argument': conversion from 'T' to 'T', possible loss of data
C:\Users\c00240102\Desktop\sfmlstarter\sfmlstarter\Game.cpp(219,61): warning C4244:         with
C:\Users\c00240102\Desktop\sfmlstarter\sfmlstarter\Game.cpp(219,61): warning C4244:         [
C:\Users\c00240102\Desktop\sfmlstarter\sfmlstarter\Game.cpp(219,61): warning C4244:             T=int
C:\Users\c00240102\Desktop\sfmlstarter\sfmlstarter\Game.cpp(219,61): warning C4244:         ]
C:\Users\c00240102\Desktop\sfmlstarter\sfmlstarter\Game.cpp(219,61): warning C4244:         and
C:\Users\c00240102\Desktop\sfmlstarter\sfmlstarter\Game.cpp(219,61): warning C4244:         [
C:\Users\c00240102\Desktop\sfmlstarter\sfmlstarter\Game.cpp(219,61): warning C4244:             T=float
C:\Users\c00240102\Desktop\sfmlstarter\sfmlstarter\Game.cpp(219,61): warning C4244:         ]
C:\Users\c00240102\Desktop\sfmlstarter\sfmlstarter\Game.cpp(219,44): warning C4244:  'argument': conversion from 'T' to 'T', possible loss of data
C:\Users\c00240102\Desktop\sfmlstarter\sfmlstarter\Game.cpp(219,44): warning C4244:         with
C:\Users\c00240102\Desktop\sfmlstarter\sfmlstarter\Game.cpp(219,44): warning C4244:         [
C:\Users\c00240102\Desktop\sfmlstarter\sfmlstarter\Game.cpp(219,44): warning C4244:             T=int
C:\Users\c00240102\Desktop\sfmlstarter\sfmlstarter\Game.cpp(219,44): warning C4244:         ]
C:\Users\c00240102\Desktop\sfmlstarter\sfmlstarter\Game.cpp(219,44): warning C4244:         and
C:\Users\c00240102\Desktop\sfmlstarter\sfmlstarter\Game.cpp(219,44): warning C4244:         [
C:\Users\c00240102\Desktop\sfmlstarter\sfmlstarter\Game.cpp(219,44): warning C4244:             T=float
C:\Users\c00240102\Desktop\sfmlstarter\sfmlstarter\Game.cpp(219,44): warning C4244:         ]
  sfmlstarter.vcxproj -> C:\Users\c00240102\Desktop\sfmlstarter\Debug\sfmlstarter.exe
